Line 35: Class OsenXPCntrl.OsenXPButton of control cmdExit was not a loaded control class.
Line 74: Class OsenXPCntrl.OsenXPButton of control cmdLogin was not a loaded control class.
Line 41: The property name _ExtentX in cmdExit is invalid.
Line 42: The property name _ExtentY in cmdExit is invalid.
Line 43: The property name BTYPE in cmdExit is invalid.
Line 44: The property name TX in cmdExit is invalid.
Line 45: The property name ENAB in cmdExit is invalid.
Line 55: The property name COLTYPE in cmdExit is invalid.
Line 56: The property name FOCUSR in cmdExit is invalid.
Line 57: The property name BCOL in cmdExit is invalid.
Line 58: The property name BCOLO in cmdExit is invalid.
Line 59: The property name FCOL in cmdExit is invalid.
Line 60: The property name FCOLO in cmdExit is invalid.
Line 61: The property name MCOL in cmdExit is invalid.
Line 62: The property name MPTR in cmdExit is invalid.
Line 63: The property name MICON in cmdExit is invalid.
Line 64: The property name PICN in cmdExit is invalid.
Line 65: The property name UMCOL in cmdExit is invalid.
Line 66: The property name SOFT in cmdExit is invalid.
Line 67: The property name PICPOS in cmdExit is invalid.
Line 68: The property name NGREY in cmdExit is invalid.
Line 69: The property name FX in cmdExit is invalid.
Line 70: The property name HAND in cmdExit is invalid.
Line 71: The property name CHECK in cmdExit is invalid.
Line 72: The property name VALUE in cmdExit is invalid.
Line 80: The property name _ExtentX in cmdLogin is invalid.
Line 81: The property name _ExtentY in cmdLogin is invalid.
Line 82: The property name BTYPE in cmdLogin is invalid.
Line 83: The property name TX in cmdLogin is invalid.
Line 84: The property name ENAB in cmdLogin is invalid.
Line 94: The property name COLTYPE in cmdLogin is invalid.
Line 95: The property name FOCUSR in cmdLogin is invalid.
Line 96: The property name BCOL in cmdLogin is invalid.
Line 97: The property name BCOLO in cmdLogin is invalid.
Line 98: The property name FCOL in cmdLogin is invalid.
Line 99: The property name FCOLO in cmdLogin is invalid.
Line 100: The property name MCOL in cmdLogin is invalid.
Line 101: The property name MPTR in cmdLogin is invalid.
Line 102: The property name MICON in cmdLogin is invalid.
Line 103: The property name PICN in cmdLogin is invalid.
Line 104: The property name UMCOL in cmdLogin is invalid.
Line 105: The property name SOFT in cmdLogin is invalid.
Line 106: The property name PICPOS in cmdLogin is invalid.
Line 107: The property name NGREY in cmdLogin is invalid.
Line 108: The property name FX in cmdLogin is invalid.
Line 109: The property name HAND in cmdLogin is invalid.
Line 110: The property name CHECK in cmdLogin is invalid.
Line 111: The property name VALUE in cmdLogin is invalid.
